<?xml version="1.0" encoding="UTF-8" standalone="no"?>
<testsuite failures="0" name="cucumber.runtime.formatter.JUnitFormatter" skipped="0" tests="1" time="26.513654">
<testcase classname="Gmail Login Functionality" name="Login Successful" time="26.513654">
<system-out><![CDATA[Given I navigated to google page............................................passed
When I click on SigIn button................................................passed
Then I should see create account link.......................................passed
]]></system-out>
</testcase>
</testsuite>
